<?xml version="1.0" encoding="UTF-8"?>
<!-- Generated by org.testng.reporters.JUnitXMLReporter -->
<testsuite ignored="1" hostname="Dell" failures="0" tests="1" name="Default test" time="10.159" errors="0" timestamp="2025-08-20T07:51:50 IST">
  <testcase classname="pagescrolldownandup.ScrollDownandUp" name="IndentifyLoacatorElement" time="4.74"/>
  <testcase classname="pagescrolldownandup.ScrollDownandUp" name="pagescrolldown" time="0.0">
    <ignored/>
  </testcase> <!-- pagescrolldown -->
</testsuite> <!-- Default test -->
