<?xml version="1.0" encoding="UTF-8"?>
<!-- Generated by org.testng.reporters.JUnitXMLReporter -->
<testsuite ignored="8" hostname="Dell" failures="0" tests="6" name="Test" time="150.346" errors="0" timestamp="2025-07-18T16:22:03 IST">
  <testcase classname="testNG.J_TestNG_TCs_Run_Groups" name="bugzilla" time="5.479"/>
  <testcase classname="testNG.J_TestNG_TCs_Run_Groups" name="facebook" time="1.17"/>
  <testcase classname="testNG.J_TestNG_TCs_Run_Groups" name="jira" time="26.157"/>
  <testcase classname="testNG.J_TestNG_TCs_Run_Groups" name="mantisbt" time="61.801"/>
  <testcase classname="testNG.J_TestNG_TCs_Run_Groups" name="redmine" time="47.049"/>
  <testcase classname="testNG.J_TestNG_TCs_Run_Groups" name="twitter" time="6.638"/>
  <testcase classname="testNG.J_TestNG_TCs_Run_Groups" name="swiggy" time="0.0">
    <ignored/>
  </testcase> <!-- swiggy -->
  <testcase classname="testNG.J_TestNG_TCs_Run_Groups" name="zomato" time="0.0">
    <ignored/>
  </testcase> <!-- zomato -->
  <testcase classname="testNG.J_TestNG_TCs_Run_Groups" name="techlearn" time="0.0">
    <ignored/>
  </testcase> <!-- techlearn -->
  <testcase classname="testNG.J_TestNG_TCs_Run_Groups" name="ndtv" time="0.0">
    <ignored/>
  </testcase> <!-- ndtv -->
  <testcase classname="testNG.J_TestNG_TCs_Run_Groups" name="seleniumlearn" time="0.0">
    <ignored/>
  </testcase> <!-- seleniumlearn -->
  <testcase classname="testNG.J_TestNG_TCs_Run_Groups" name="yahoo" time="0.0">
    <ignored/>
  </testcase> <!-- yahoo -->
  <testcase classname="testNG.J_TestNG_TCs_Run_Groups" name="google" time="0.0">
    <ignored/>
  </testcase> <!-- google -->
  <testcase classname="testNG.J_TestNG_TCs_Run_Groups" name="selenium" time="0.0">
    <ignored/>
  </testcase> <!-- selenium -->
</testsuite> <!-- Test -->
