<?xml version="1.0" encoding="UTF-8"?>
<testng-results ignored="0" total="1" passed="1" failed="0" skipped="0">
  <reporter-output>
  </reporter-output>
  <suite started-at="2025-08-12T13:27:17 IST" name="Default suite" finished-at="2025-08-12T13:27:42 IST" duration-ms="24935">
    <groups>
    </groups>
    <test started-at="2025-08-12T13:27:17 IST" name="Default test" finished-at="2025-08-12T13:27:42 IST" duration-ms="24935">
      <class name="clearmethod.ClearMethod1">
        <test-method is-config="true" signature="beforeTest()[pri:0, instance:clearmethod.ClearMethod1@6f4a47c7]" started-at="2025-08-12T13:27:17 IST" name="beforeTest" finished-at="2025-08-12T13:27:18 IST" duration-ms="1461" status="PASS">
          <reporter-output>
          </reporter-output>
        </test-method> <!-- beforeTest -->
        <test-method signature="clearMethod()[pri:0, instance:clearmethod.ClearMethod1@6f4a47c7]" started-at="2025-08-12T13:27:18 IST" name="clearMethod" finished-at="2025-08-12T13:27:42 IST" duration-ms="23418" status="PASS">
          <reporter-output>
          </reporter-output>
        </test-method> <!-- clearMethod -->
      </class> <!-- clearmethod.ClearMethod1 -->
    </test> <!-- Default test -->
  </suite> <!-- Default suite -->
</testng-results>
