<?xml version="1.0" encoding="UTF-8"?>
<testng-results ignored="1" total="2" passed="1" failed="0" skipped="0">
  <reporter-output>
  </reporter-output>
  <suite started-at="2025-08-20T07:51:40 IST" name="Default suite" finished-at="2025-08-20T07:51:50 IST" duration-ms="10159">
    <groups>
    </groups>
    <test started-at="2025-08-20T07:51:40 IST" name="Default test" finished-at="2025-08-20T07:51:50 IST" duration-ms="10159">
      <class name="pagescrolldownandup.ScrollDownandUp">
        <test-method is-config="true" signature="beforeTest()[pri:0, instance:pagescrolldownandup.ScrollDownandUp@2de23121]" started-at="2025-08-20T07:51:40 IST" name="beforeTest" finished-at="2025-08-20T07:51:44 IST" duration-ms="4391" status="PASS">
          <reporter-output>
          </reporter-output>
        </test-method> <!-- beforeTest -->
        <test-method signature="IndentifyLoacatorElement()[pri:0, instance:pagescrolldownandup.ScrollDownandUp@2de23121]" started-at="2025-08-20T07:51:44 IST" name="IndentifyLoacatorElement" finished-at="2025-08-20T07:51:49 IST" duration-ms="4740" status="PASS">
          <reporter-output>
          </reporter-output>
        </test-method> <!-- IndentifyLoacatorElement -->
        <test-method is-config="true" signature="afterTest()[pri:0, instance:pagescrolldownandup.ScrollDownandUp@2de23121]" started-at="2025-08-20T07:51:49 IST" name="afterTest" finished-at="2025-08-20T07:51:50 IST" duration-ms="698" status="PASS">
          <reporter-output>
          </reporter-output>
        </test-method> <!-- afterTest -->
      </class> <!-- pagescrolldownandup.ScrollDownandUp -->
    </test> <!-- Default test -->
  </suite> <!-- Default suite -->
</testng-results>
